Arguments: 
  C:\Program Files\nodejs\node.exe C:\Users\mglsn\AppData\Roaming\npm\node_modules\yarn\bin\yarn.js add express multer multer-cloudinary-storage cloudinary

PATH: 
  C:\Users\mglsn\bin;C:\Program Files\Git\mingw64\bin;C:\Program Files\Git\usr\local\bin;C:\Program Files\Git\usr\bin;C:\Program Files\Git\usr\bin;C:\Program Files\Git\mingw64\bin;C:\Program Files\Git\usr\bin;C:\Users\mglsn\bin;C:\Program Files\WindowsApps\Microsoft.WindowsTerminal_1.11.2921.0_x64__8wekyb3d8bbwe;C:\Windows\system32;C:\Windows;C:\Windows\System32\Wbem;C:\Windows\System32\WindowsPowerShell\v1.0;C:\Windows\System32\OpenSSH;C:\Program Files\nodejs;C:\Program Files\Git\cmd;C:\Users\mglsn\AppData\Local\Programs\Python\Python310\Scripts;C:\Users\mglsn\AppData\Local\Programs\Python\Python310;C:\Users\mglsn\AppData\Local\Microsoft\WindowsApps;C:\Users\mglsn\AppData\Roaming\npm;C:\Users\mglsn\AppData\Local\Programs\Microsoft VS Code\bin;C:\Users\mglsn\AppData\Local\Android\Sdk\platform-tools;C:\Program Files\Git\usr\bin\vendor_perl;C:\Program Files\Git\usr\bin\core_perl

Yarn version: 
  1.22.17

Node version: 
  16.13.0

Platform: 
  win32 x64

Trace: 
  Error: https://registry.yarnpkg.com/multer-cloudinary-storage: Not found
      at Request.params.callback [as _callback] (C:\Users\mglsn\AppData\Roaming\npm\node_modules\yarn\lib\cli.js:67029:18)
      at Request.self.callback (C:\Users\mglsn\AppData\Roaming\npm\node_modules\yarn\lib\cli.js:140883:22)
      at Request.emit (node:events:390:28)
      at Request.<anonymous> (C:\Users\mglsn\AppData\Roaming\npm\node_modules\yarn\lib\cli.js:141855:10)
      at Request.emit (node:events:390:28)
      at IncomingMessage.<anonymous> (C:\Users\mglsn\AppData\Roaming\npm\node_modules\yarn\lib\cli.js:141777:12)
      at Object.onceWrapper (node:events:509:28)
      at IncomingMessage.emit (node:events:402:35)
      at endReadableNT (node:internal/streams/readable:1343:12)
      at processTicksAndRejections (node:internal/process/task_queues:83:21)

npm manifest: 
  {
    "name": "back",
    "version": "1.0.0",
    "main": "index.js",
    "license": "MIT"
  }

yarn manifest: 
  No manifest

Lockfile: 
  No lockfile
